<testsuites id="" name="" tests="30" failures="7" skipped="0" errors="0" time="113.12504299999999">
<testsuite name="demo-hub.spec.ts" timestamp="2025-09-22T03:59:50.399Z" hostname="chromium" tests="6" failures="4" skipped="0" time="86.831" errors="0">
<testcase name="Demo Hub › should load demo hub page" classname="demo-hub.spec.ts" time="10.596">
</testcase>
<testcase name="Demo Hub › should have all demo service links" classname="demo-hub.spec.ts" time="11.512">
</testcase>
<testcase name="Demo Hub › should navigate to maps demo" classname="demo-hub.spec.ts" time="16.152">
<failure message="demo-hub.spec.ts:39:7 should navigate to maps demo" type="FAILURE">
<![CDATA[  [chromium] › demo-hub.spec.ts:39:7 › Demo Hub › should navigate to maps demo ─────────────────────

    Error: expect(page).toHaveURL(expected) failed

    Expected string: "http://localhost:3000/maps-demo"
    Received string: "http://localhost:3000/demo"
    Timeout: 5000ms

    Call log:
      - Expect "toHaveURL" with timeout 5000ms
        8 × unexpected value "http://localhost:3000/demo"


      39 |   test("should navigate to maps demo", async ({ page }) => {
      40 |     await page.click('a[href="/maps-demo"]');
    > 41 |     await expect(page).toHaveURL("/maps-demo");
         |                        ^
      42 |     await expect(page.locator("h1")).toContainText("Maps Integration Demo");
      43 |   });
      44 |
        at C:\dev\EventProsNZ\e2e\demo-hub.spec.ts:41:24

    attachment #1: screenshot (image/png) ──────────────────────────────────────────────────────────
    ..\test-results\demo-hub-Demo-Hub-should-navigate-to-maps-demo-chromium\test-failed-1.png
    ────────────────────────────────────────────────────────────────────────────────────────────────

    attachment #2: video (video/webm) ──────────────────────────────────────────────────────────────
    ..\test-results\demo-hub-Demo-Hub-should-navigate-to-maps-demo-chromium\video.webm
    ────────────────────────────────────────────────────────────────────────────────────────────────

    Error Context: ..\test-results\demo-hub-Demo-Hub-should-navigate-to-maps-demo-chromium\error-context.md
]]>
</failure>
<system-out>
<![CDATA[
[[ATTACHMENT|demo-hub-Demo-Hub-should-navigate-to-maps-demo-chromium\test-failed-1.png]]

[[ATTACHMENT|demo-hub-Demo-Hub-should-navigate-to-maps-demo-chromium\video.webm]]

[[ATTACHMENT|demo-hub-Demo-Hub-should-navigate-to-maps-demo-chromium\error-context.md]]
]]>
</system-out>
</testcase>
<testcase name="Demo Hub › should navigate to stripe demo" classname="demo-hub.spec.ts" time="16.184">
<failure message="demo-hub.spec.ts:45:7 should navigate to stripe demo" type="FAILURE">
<![CDATA[  [chromium] › demo-hub.spec.ts:45:7 › Demo Hub › should navigate to stripe demo ───────────────────

    Error: expect(page).toHaveURL(expected) failed

    Expected string: "http://localhost:3000/stripe-demo"
    Received string: "http://localhost:3000/demo"
    Timeout: 5000ms

    Call log:
      - Expect "toHaveURL" with timeout 5000ms
        8 × unexpected value "http://localhost:3000/demo"


      45 |   test("should navigate to stripe demo", async ({ page }) => {
      46 |     await page.click('a[href="/stripe-demo"]');
    > 47 |     await expect(page).toHaveURL("/stripe-demo");
         |                        ^
      48 |     await expect(page.locator("h1")).toContainText("Stripe Payment Integration Demo");
      49 |   });
      50 |
        at C:\dev\EventProsNZ\e2e\demo-hub.spec.ts:47:24

    attachment #1: screenshot (image/png) ──────────────────────────────────────────────────────────
    ..\test-results\demo-hub-Demo-Hub-should-navigate-to-stripe-demo-chromium\test-failed-1.png
    ────────────────────────────────────────────────────────────────────────────────────────────────

    attachment #2: video (video/webm) ──────────────────────────────────────────────────────────────
    ..\test-results\demo-hub-Demo-Hub-should-navigate-to-stripe-demo-chromium\video.webm
    ────────────────────────────────────────────────────────────────────────────────────────────────

    Error Context: ..\test-results\demo-hub-Demo-Hub-should-navigate-to-stripe-demo-chromium\error-context.md
]]>
</failure>
<system-out>
<![CDATA[
[[ATTACHMENT|demo-hub-Demo-Hub-should-navigate-to-stripe-demo-chromium\test-failed-1.png]]

[[ATTACHMENT|demo-hub-Demo-Hub-should-navigate-to-stripe-demo-chromium\video.webm]]

[[ATTACHMENT|demo-hub-Demo-Hub-should-navigate-to-stripe-demo-chromium\error-context.md]]
]]>
</system-out>
</testcase>
<testcase name="Demo Hub › should navigate to sendgrid demo" classname="demo-hub.spec.ts" time="15.806">
<failure message="demo-hub.spec.ts:51:7 should navigate to sendgrid demo" type="FAILURE">
<![CDATA[  [chromium] › demo-hub.spec.ts:51:7 › Demo Hub › should navigate to sendgrid demo ─────────────────

    Error: expect(page).toHaveURL(expected) failed

    Expected string: "http://localhost:3000/sendgrid-demo"
    Received string: "http://localhost:3000/demo"
    Timeout: 5000ms

    Call log:
      - Expect "toHaveURL" with timeout 5000ms
        8 × unexpected value "http://localhost:3000/demo"


      51 |   test("should navigate to sendgrid demo", async ({ page }) => {
      52 |     await page.click('a[href="/sendgrid-demo"]');
    > 53 |     await expect(page).toHaveURL("/sendgrid-demo");
         |                        ^
      54 |     await expect(page.locator("h1")).toContainText("SendGrid Email Integration Demo");
      55 |   });
      56 |
        at C:\dev\EventProsNZ\e2e\demo-hub.spec.ts:53:24

    attachment #1: screenshot (image/png) ──────────────────────────────────────────────────────────
    ..\test-results\demo-hub-Demo-Hub-should-navigate-to-sendgrid-demo-chromium\test-failed-1.png
    ────────────────────────────────────────────────────────────────────────────────────────────────

    attachment #2: video (video/webm) ──────────────────────────────────────────────────────────────
    ..\test-results\demo-hub-Demo-Hub-should-navigate-to-sendgrid-demo-chromium\video.webm
    ────────────────────────────────────────────────────────────────────────────────────────────────

    Error Context: ..\test-results\demo-hub-Demo-Hub-should-navigate-to-sendgrid-demo-chromium\error-context.md
]]>
</failure>
<system-out>
<![CDATA[
[[ATTACHMENT|demo-hub-Demo-Hub-should-navigate-to-sendgrid-demo-chromium\test-failed-1.png]]

[[ATTACHMENT|demo-hub-Demo-Hub-should-navigate-to-sendgrid-demo-chromium\video.webm]]

[[ATTACHMENT|demo-hub-Demo-Hub-should-navigate-to-sendgrid-demo-chromium\error-context.md]]
]]>
</system-out>
</testcase>
<testcase name="Demo Hub › should navigate to analytics demo" classname="demo-hub.spec.ts" time="16.581">
<failure message="demo-hub.spec.ts:57:7 should navigate to analytics demo" type="FAILURE">
<![CDATA[  [chromium] › demo-hub.spec.ts:57:7 › Demo Hub › should navigate to analytics demo ────────────────

    Error: expect(page).toHaveURL(expected) failed

    Expected string: "http://localhost:3000/analytics-demo"
    Received string: "http://localhost:3000/demo"
    Timeout: 5000ms

    Call log:
      - Expect "toHaveURL" with timeout 5000ms
        8 × unexpected value "http://localhost:3000/demo"


      57 |   test("should navigate to analytics demo", async ({ page }) => {
      58 |     await page.click('a[href="/analytics-demo"]');
    > 59 |     await expect(page).toHaveURL("/analytics-demo");
         |                        ^
      60 |     await expect(page.locator("h1")).toContainText("Google Analytics Integration Demo");
      61 |   });
      62 | });
        at C:\dev\EventProsNZ\e2e\demo-hub.spec.ts:59:24

    attachment #1: screenshot (image/png) ──────────────────────────────────────────────────────────
    ..\test-results\demo-hub-Demo-Hub-should-navigate-to-analytics-demo-chromium\test-failed-1.png
    ────────────────────────────────────────────────────────────────────────────────────────────────

    attachment #2: video (video/webm) ──────────────────────────────────────────────────────────────
    ..\test-results\demo-hub-Demo-Hub-should-navigate-to-analytics-demo-chromium\video.webm
    ────────────────────────────────────────────────────────────────────────────────────────────────

    Error Context: ..\test-results\demo-hub-Demo-Hub-should-navigate-to-analytics-demo-chromium\error-context.md
]]>
</failure>
<system-out>
<![CDATA[
[[ATTACHMENT|demo-hub-Demo-Hub-should-navigate-to-analytics-demo-chromium\test-failed-1.png]]

[[ATTACHMENT|demo-hub-Demo-Hub-should-navigate-to-analytics-demo-chromium\video.webm]]

[[ATTACHMENT|demo-hub-Demo-Hub-should-navigate-to-analytics-demo-chromium\error-context.md]]
]]>
</system-out>
</testcase>
</testsuite>
<testsuite name="demo-hub.spec.ts" timestamp="2025-09-22T03:59:50.399Z" hostname="firefox" tests="6" failures="3" skipped="0" time="186.42" errors="0">
<testcase name="Demo Hub › should load demo hub page" classname="demo-hub.spec.ts" time="39.373">
<failure message="demo-hub.spec.ts:8:7 should load demo hub page" type="FAILURE">
<![CDATA[  [firefox] › demo-hub.spec.ts:8:7 › Demo Hub › should load demo hub page ──────────────────────────

    Test timeout of 30000ms exceeded while running "beforeEach" hook.

      2 |
      3 | test.describe("Demo Hub", () => {
    > 4 |   test.beforeEach(async ({ page }) => {
        |        ^
      5 |     await page.goto("/demo");
      6 |   });
      7 |
        at C:\dev\EventProsNZ\e2e\demo-hub.spec.ts:4:8

    attachment #1: screenshot (image/png) ──────────────────────────────────────────────────────────
    ..\test-results\demo-hub-Demo-Hub-should-load-demo-hub-page-firefox\test-failed-1.png
    ────────────────────────────────────────────────────────────────────────────────────────────────

    attachment #2: video (video/webm) ──────────────────────────────────────────────────────────────
    ..\test-results\demo-hub-Demo-Hub-should-load-demo-hub-page-firefox\video.webm
    ────────────────────────────────────────────────────────────────────────────────────────────────

    Error Context: ..\test-results\demo-hub-Demo-Hub-should-load-demo-hub-page-firefox\error-context.md
]]>
</failure>
<system-out>
<![CDATA[
[[ATTACHMENT|demo-hub-Demo-Hub-should-load-demo-hub-page-firefox\test-failed-1.png]]

[[ATTACHMENT|demo-hub-Demo-Hub-should-load-demo-hub-page-firefox\video.webm]]

[[ATTACHMENT|demo-hub-Demo-Hub-should-load-demo-hub-page-firefox\error-context.md]]
]]>
</system-out>
</testcase>
<testcase name="Demo Hub › should have all demo service links" classname="demo-hub.spec.ts" time="36.841">
<failure message="demo-hub.spec.ts:13:7 should have all demo service links" type="FAILURE">
<![CDATA[  [firefox] › demo-hub.spec.ts:13:7 › Demo Hub › should have all demo service links ────────────────

    Test timeout of 30000ms exceeded.

    Error: expect(locator).toContainText(expected) failed

    Locator: locator('a[href="/analytics-demo"]')
    Expected string: "Analytics Tracking"
    Received string: ""

    Call log:
      - Expect "toContainText" with timeout 5000ms
      - waiting for locator('a[href="/analytics-demo"]')


      32 |     // Check for Analytics demo
      33 |     await expect(page.locator('a[href="/analytics-demo"]')).toBeVisible();
    > 34 |     await expect(page.locator('a[href="/analytics-demo"]')).toContainText(
         |                                                             ^
      35 |       "Analytics Tracking"
      36 |     );
      37 |   });
        at C:\dev\EventProsNZ\e2e\demo-hub.spec.ts:34:61

    attachment #1: screenshot (image/png) ──────────────────────────────────────────────────────────
    ..\test-results\demo-hub-Demo-Hub-should-have-all-demo-service-links-firefox\test-failed-1.png
    ────────────────────────────────────────────────────────────────────────────────────────────────

    attachment #2: video (video/webm) ──────────────────────────────────────────────────────────────
    ..\test-results\demo-hub-Demo-Hub-should-have-all-demo-service-links-firefox\video.webm
    ────────────────────────────────────────────────────────────────────────────────────────────────

    Error Context: ..\test-results\demo-hub-Demo-Hub-should-have-all-demo-service-links-firefox\error-context.md
]]>
</failure>
<system-out>
<![CDATA[
[[ATTACHMENT|demo-hub-Demo-Hub-should-have-all-demo-service-links-firefox\test-failed-1.png]]

[[ATTACHMENT|demo-hub-Demo-Hub-should-have-all-demo-service-links-firefox\video.webm]]

[[ATTACHMENT|demo-hub-Demo-Hub-should-have-all-demo-service-links-firefox\error-context.md]]
]]>
</system-out>
</testcase>
<testcase name="Demo Hub › should navigate to maps demo" classname="demo-hub.spec.ts" time="32.566">
<failure message="demo-hub.spec.ts:39:7 should navigate to maps demo" type="FAILURE">
<![CDATA[  [firefox] › demo-hub.spec.ts:39:7 › Demo Hub › should navigate to maps demo ──────────────────────

    Test timeout of 30000ms exceeded.

    Error: page.click: Test timeout of 30000ms exceeded.
    Call log:
      - waiting for locator('a[href="/maps-demo"]')
        - locator resolved to <a href="/maps-demo" class="group block bg-white rounded-lg shadow-md hover:shadow-lg transition-shadow duration-200">…</a>
      - attempting click action
        - waiting for element to be visible, enabled and stable
        - element is visible, enabled and stable
        - scrolling into view if needed
        - done scrolling
        - performing click action


      38 |
      39 |   test("should navigate to maps demo", async ({ page }) => {
    > 40 |     await page.click('a[href="/maps-demo"]');
         |                ^
      41 |     await expect(page).toHaveURL("/maps-demo");
      42 |     await expect(page.locator("h1")).toContainText("Maps Integration Demo");
      43 |   });
        at C:\dev\EventProsNZ\e2e\demo-hub.spec.ts:40:16

    attachment #1: screenshot (image/png) ──────────────────────────────────────────────────────────
    ..\test-results\demo-hub-Demo-Hub-should-navigate-to-maps-demo-firefox\test-failed-1.png
    ────────────────────────────────────────────────────────────────────────────────────────────────

    attachment #2: video (video/webm) ──────────────────────────────────────────────────────────────
    ..\test-results\demo-hub-Demo-Hub-should-navigate-to-maps-demo-firefox\video.webm
    ────────────────────────────────────────────────────────────────────────────────────────────────

    Error Context: ..\test-results\demo-hub-Demo-Hub-should-navigate-to-maps-demo-firefox\error-context.md
]]>
</failure>
<system-out>
<![CDATA[
[[ATTACHMENT|demo-hub-Demo-Hub-should-navigate-to-maps-demo-firefox\test-failed-1.png]]

[[ATTACHMENT|demo-hub-Demo-Hub-should-navigate-to-maps-demo-firefox\video.webm]]

[[ATTACHMENT|demo-hub-Demo-Hub-should-navigate-to-maps-demo-firefox\error-context.md]]
]]>
</system-out>
</testcase>
<testcase name="Demo Hub › should navigate to stripe demo" classname="demo-hub.spec.ts" time="22.068">
</testcase>
<testcase name="Demo Hub › should navigate to sendgrid demo" classname="demo-hub.spec.ts" time="25.738">
</testcase>
<testcase name="Demo Hub › should navigate to analytics demo" classname="demo-hub.spec.ts" time="29.834">
</testcase>
</testsuite>
<testsuite name="demo-hub.spec.ts" timestamp="2025-09-22T03:59:50.399Z" hostname="webkit" tests="6" failures="0" skipped="0" time="35.947" errors="0">
<testcase name="Demo Hub › should load demo hub page" classname="demo-hub.spec.ts" time="4.087">
</testcase>
<testcase name="Demo Hub › should have all demo service links" classname="demo-hub.spec.ts" time="4.648">
</testcase>
<testcase name="Demo Hub › should navigate to maps demo" classname="demo-hub.spec.ts" time="6.236">
</testcase>
<testcase name="Demo Hub › should navigate to stripe demo" classname="demo-hub.spec.ts" time="7.139">
</testcase>
<testcase name="Demo Hub › should navigate to sendgrid demo" classname="demo-hub.spec.ts" time="6.883">
</testcase>
<testcase name="Demo Hub › should navigate to analytics demo" classname="demo-hub.spec.ts" time="6.954">
</testcase>
</testsuite>
<testsuite name="demo-hub.spec.ts" timestamp="2025-09-22T03:59:50.399Z" hostname="Mobile Chrome" tests="6" failures="0" skipped="0" time="40.213" errors="0">
<testcase name="Demo Hub › should load demo hub page" classname="demo-hub.spec.ts" time="4.732">
</testcase>
<testcase name="Demo Hub › should have all demo service links" classname="demo-hub.spec.ts" time="4.493">
</testcase>
<testcase name="Demo Hub › should navigate to maps demo" classname="demo-hub.spec.ts" time="9.169">
</testcase>
<testcase name="Demo Hub › should navigate to stripe demo" classname="demo-hub.spec.ts" time="6.839">
</testcase>
<testcase name="Demo Hub › should navigate to sendgrid demo" classname="demo-hub.spec.ts" time="7.356">
</testcase>
<testcase name="Demo Hub › should navigate to analytics demo" classname="demo-hub.spec.ts" time="7.624">
</testcase>
</testsuite>
<testsuite name="demo-hub.spec.ts" timestamp="2025-09-22T03:59:50.399Z" hostname="Mobile Safari" tests="6" failures="0" skipped="0" time="18.557" errors="0">
<testcase name="Demo Hub › should load demo hub page" classname="demo-hub.spec.ts" time="2.483">
</testcase>
<testcase name="Demo Hub › should have all demo service links" classname="demo-hub.spec.ts" time="2.374">
</testcase>
<testcase name="Demo Hub › should navigate to maps demo" classname="demo-hub.spec.ts" time="4.154">
</testcase>
<testcase name="Demo Hub › should navigate to stripe demo" classname="demo-hub.spec.ts" time="3.381">
</testcase>
<testcase name="Demo Hub › should navigate to sendgrid demo" classname="demo-hub.spec.ts" time="2.896">
</testcase>
<testcase name="Demo Hub › should navigate to analytics demo" classname="demo-hub.spec.ts" time="3.269">
</testcase>
</testsuite>
</testsuites>